2025-05-02 00:34:31,866 DEBUG    root            Loaded Command Group: ['gcloud', 'config']
2025-05-02 00:34:31,869 DEBUG    root            Loaded Command Group: ['gcloud', 'config', 'config_helper']
2025-05-02 00:34:31,872 DEBUG    root            Running [gcloud.config.config-helper] with arguments: [--format: "json", --min-expiry: "1800"]
2025-05-02 00:34:31,943 DEBUG    google.auth.transport.requests Making request: GET http://metadata.google.internal/computeMetadata/v1/instance/service-accounts/92479543796-compute@developer.gserviceaccount.com/?recursive=true
2025-05-02 00:34:31,948 DEBUG    urllib3.connectionpool Starting new HTTP connection (1): metadata.google.internal:80
2025-05-02 00:34:31,950 DEBUG    urllib3.connectionpool http://metadata.google.internal:80 "GET /computeMetadata/v1/instance/service-accounts/92479543796-compute@developer.gserviceaccount.com/?recursive=true HTTP/11" 200 154
2025-05-02 00:34:31,954 DEBUG    google.auth.transport.requests Making request: GET http://metadata.google.internal/computeMetadata/v1/instance/service-accounts/92479543796-compute@developer.gserviceaccount.com/token
2025-05-02 00:34:31,957 DEBUG    urllib3.connectionpool http://metadata.google.internal:80 "GET /computeMetadata/v1/instance/service-accounts/92479543796-compute@developer.gserviceaccount.com/token HTTP/11" 200 869
2025-05-02 00:34:31,976 DEBUG    root            Chosen display Format:default json
2025-05-02 00:34:31,977 INFO     root            Display format: "default json"
2025-05-02 00:34:31,998 INFO     ___FILE_ONLY___ {
  "configuration": {
    "active_configuration": "default",
    "properties": {
      "compute": {
        "region": "us-east4"
      },
      "core": {
        "account": "92479543796-compute@developer.gserviceaccount.com",
        "disable_usage_reporting": "True",
        "project": "qwiklabs-gcp-01-0ae94850e587"
      },
      "dataproc": {
        "region": "us-east4"
      }
    }
  },
  "credential": {
    "access_token": "ya29.c.c0ASRK0GbZDroCsQi8oaYQM21WbufpvWRGfw7XaTP6jR4SlDBNOTydTQY9QZDAXHrvzDLiBM-r_8mwzJgcB26JEZ4lrng9H1uAlagpUQDxi541Tj7OA61kHfQcZK4EPrPB_z6wtb6lMoOZYu4JaXTc6USWC6SwvsF9zId-UHLHz7AGZCuaJ-FJmvcH0QKdof_wXpDtrWPjlXLI1RH7V3moyG9rg0IuiBJHrIQIWpRf2QsI7GpyA1ZUYuY2DlY4_8ILDo288GnaIpi58rGIXr0E5saANJl0Bu-7Tyookswd17Dws-Y6ELfESEYP0ZX6slae7jZgy0QZ187qvzy3veGMVtNznsrkyFOqva9-wj25xthk9nPswCKeaSzNOwYlxpLPaei3DOABqyWYPIWqFkd8qwE415PW2oblpvfQQO0go1g7d8hq9nlcVjbReB3QoSFXMVm-rpwdUkpBssyzS9_nY645SfpbbFMM9W374xnckwkuMcpWFvkwhMFUqs7O_ygIVodVe-tUJy9rfnFOvBoQs2hFY3dcjvawRzksR0Xp2kSSk2RsVer2wXb2dc6tvdZ8SyswwVlYtv2poJWFlVz4cftMYmZdXMQrx6Wtz0tm3e_ozbw70Oq-X5OJUVkeyZ854I82YVXRyF95X89s4eR7dUM75qeshvd8xpFxhzfdfy-X25g88q0xdq2Zeb32iuc_jV7Qonl974dz1aOOIVX8Sx6leMwsy3cp50ihxW3yYowJ-iSOimo3UksrFqlzghkFbsmS7f2Voyc0h-rld_nSjxXFk-I2ttzVlM68z_zRMvrRJj50zs9--h78Wilae37Xuqz7859Otw17WWywzMg5sZVg9QuS6mXxFdj-ef1axlzRIUfa7RJX3BOl_IWtjF-hW0s0be_5r9kzexbq3emiYJVQze1SWbji3uo_SjWBF85cMyszBuUVz6zQzSdXe0gIqQaaatUJlq5a0Fa_2kgURwZxOlm6o6av0q0Wxj-B0rI7smQ8a_gfqt6",
    "id_token": "eyJhbGciOiJSUzI1NiIsImtpZCI6IjA3YjgwYTM2NTQyODUyNWY4YmY3Y2QwODQ2ZDc0YThlZTRlZjM2MjUiLCJ0eXAiOiJKV1QifQ.eyJhdWQiOiIzMjU1NTk0MDU1OS5hcHBzLmdvb2dsZXVzZXJjb250ZW50LmNvbSIsImF6cCI6IjEwMTcyMDgwNDk3MDY4OTcwNDY0MyIsImV4cCI6MTc0NjE0OTY3MSwiaWF0IjoxNzQ2MTQ2MDcxLCJpc3MiOiJodHRwczovL2FjY291bnRzLmdvb2dsZS5jb20iLCJzdWIiOiIxMDE3MjA4MDQ5NzA2ODk3MDQ2NDMifQ.jH03yIE2NwCM2lZ5eDX2rYDQ4XJh_p9RxgNff80jj2dINAitAz9VwU0X-aAudo8dlYfvVGMzjX2d6peOCvF3nhgMuby6Hap2gjfQ7_vUs7TBazl_g28LIqMycWh1IMHZK0IFlwFQYyO6DryqGbMqXpzTYGEuDdBZENRX1sCp37VM3DNqlX7quvdif_r0FSJ64d3mkVOV4CwW-4CdK7uqkrnofZs7uOIdkd80DtRieADCq1Oi3TNocWV7VFm_JOp78fp4hvE1GlBECwHBbSyvllrsjSQgvJQHxpRrGIer0ufhEUefC3dqplYwPLyA7uW039abJSslOJt7lpS98m0vbg",
    "token_expiry": "2025-05-02T01:12:54Z"
  },
  "sentinels": {
    "config_sentinel": "/home/jupyter/.config/gcloud/config_sentinel"
  }
}
2025-05-02 00:34:31,998 INFO     ___FILE_ONLY___ 

2025-05-02 00:34:31,998 DEBUG    root            SDK update checks are disabled.
